{"/home/mavlyudabegim/Documents/budgetify-1-task/server/index.js": {"path":"/home/mavlyudabegim/Documents/budgetify-1-task/server/index.js","statementMap":{"0":{"start":{"line":1,"column":0},"end":{"line":1,"column":27}},"1":{"start":{"line":2,"column":16},"end":{"line":2,"column":34}},"2":{"start":{"line":3,"column":22},"end":{"line":3,"column":49}},"3":{"start":{"line":4,"column":21},"end":{"line":4,"column":47}},"4":{"start":{"line":5,"column":22},"end":{"line":5,"column":50}},"5":{"start":{"line":6,"column":19},"end":{"line":6,"column":43}},"6":{"start":{"line":7,"column":23},"end":{"line":7,"column":51}},"7":{"start":{"line":8,"column":13},"end":{"line":8,"column":28}},"8":{"start":{"line":9,"column":12},"end":{"line":9,"column":21}},"9":{"start":{"line":11,"column":0},"end":{"line":11,"column":16}},"10":{"start":{"line":12,"column":0},"end":{"line":12,"column":36}},"11":{"start":{"line":13,"column":0},"end":{"line":13,"column":33}},"12":{"start":{"line":14,"column":0},"end":{"line":14,"column":36}},"13":{"start":{"line":15,"column":0},"end":{"line":15,"column":37}},"14":{"start":{"line":16,"column":0},"end":{"line":16,"column":25}},"15":{"start":{"line":17,"column":0},"end":{"line":17,"column":24}},"16":{"start":{"line":18,"column":0},"end":{"line":18,"column":49}},"17":{"start":{"line":19,"column":0},"end":{"line":19,"column":34}},"18":{"start":{"line":21,"column":0},"end":{"line":21,"column":21}}},"fnMap":{},"branchMap":{},"s":{"0":2,"1":2,"2":2,"3":2,"4":2,"5":2,"6":2,"7":2,"8":2,"9":2,"10":2,"11":2,"12":2,"13":2,"14":2,"15":2,"16":2,"17":2,"18":2},"f":{},"b":{},"_coverageSchema":"1a1c01bbd47fc00a2c39e90264f33305004495a9","hash":"ae3f81d457cf7b2cfae2b9b2464423717eaf020f"}
,"/home/mavlyudabegim/Documents/budgetify-1-task/server/controllers/accountController.js": {"path":"/home/mavlyudabegim/Documents/budgetify-1-task/server/controllers/accountController.js","statementMap":{"0":{"start":{"line":1,"column":23},"end":{"line":1,"column":60}},"1":{"start":{"line":3,"column":2},"end":{"line":8,"column":3}},"2":{"start":{"line":4,"column":20},"end":{"line":4,"column":69}},"3":{"start":{"line":5,"column":4},"end":{"line":5,"column":41}},"4":{"start":{"line":7,"column":4},"end":{"line":7,"column":32}},"5":{"start":{"line":11,"column":2},"end":{"line":16,"column":3}},"6":{"start":{"line":12,"column":20},"end":{"line":12,"column":76}},"7":{"start":{"line":13,"column":4},"end":{"line":13,"column":41}},"8":{"start":{"line":15,"column":4},"end":{"line":15,"column":32}},"9":{"start":{"line":19,"column":2},"end":{"line":24,"column":3}},"10":{"start":{"line":20,"column":21},"end":{"line":20,"column":68}},"11":{"start":{"line":21,"column":4},"end":{"line":21,"column":42}},"12":{"start":{"line":23,"column":4},"end":{"line":23,"column":32}},"13":{"start":{"line":27,"column":2},"end":{"line":35,"column":3}},"14":{"start":{"line":28,"column":23},"end":{"line":31,"column":5}},"15":{"start":{"line":32,"column":4},"end":{"line":32,"column":44}},"16":{"start":{"line":34,"column":4},"end":{"line":34,"column":32}},"17":{"start":{"line":38,"column":2},"end":{"line":45,"column":3}},"18":{"start":{"line":39,"column":28},"end":{"line":41,"column":5}},"19":{"start":{"line":42,"column":4},"end":{"line":42,"column":49}},"20":{"start":{"line":44,"column":4},"end":{"line":44,"column":32}},"21":{"start":{"line":48,"column":2},"end":{"line":53,"column":3}},"22":{"start":{"line":49,"column":20},"end":{"line":49,"column":72}},"23":{"start":{"line":50,"column":4},"end":{"line":50,"column":42}},"24":{"start":{"line":52,"column":4},"end":{"line":52,"column":32}},"25":{"start":{"line":56,"column":21},"end":{"line":63,"column":1}},"26":{"start":{"line":57,"column":2},"end":{"line":62,"column":3}},"27":{"start":{"line":58,"column":16},"end":{"line":58,"column":70}},"28":{"start":{"line":59,"column":4},"end":{"line":59,"column":34}},"29":{"start":{"line":61,"column":4},"end":{"line":61,"column":30}},"30":{"start":{"line":64,"column":22},"end":{"line":71,"column":1}},"31":{"start":{"line":65,"column":2},"end":{"line":70,"column":3}},"32":{"start":{"line":66,"column":16},"end":{"line":66,"column":71}},"33":{"start":{"line":67,"column":4},"end":{"line":67,"column":34}},"34":{"start":{"line":69,"column":4},"end":{"line":69,"column":30}},"35":{"start":{"line":72,"column":0},"end":{"line":81,"column":2}}},"fnMap":{"0":{"name":"account_details","decl":{"start":{"line":2,"column":15},"end":{"line":2,"column":30}},"loc":{"start":{"line":2,"column":41},"end":{"line":9,"column":1}},"line":2},"1":{"name":"account_create","decl":{"start":{"line":10,"column":15},"end":{"line":10,"column":29}},"loc":{"start":{"line":10,"column":40},"end":{"line":17,"column":1}},"line":10},"2":{"name":"accounts_details","decl":{"start":{"line":18,"column":15},"end":{"line":18,"column":31}},"loc":{"start":{"line":18,"column":42},"end":{"line":25,"column":1}},"line":18},"3":{"name":"account_edit","decl":{"start":{"line":26,"column":15},"end":{"line":26,"column":27}},"loc":{"start":{"line":26,"column":38},"end":{"line":36,"column":1}},"line":26},"4":{"name":"account_delete","decl":{"start":{"line":37,"column":15},"end":{"line":37,"column":29}},"loc":{"start":{"line":37,"column":40},"end":{"line":46,"column":1}},"line":37},"5":{"name":"account_incomes","decl":{"start":{"line":47,"column":15},"end":{"line":47,"column":30}},"loc":{"start":{"line":47,"column":41},"end":{"line":54,"column":1}},"line":47},"6":{"name":"(anonymous_6)","decl":{"start":{"line":56,"column":21},"end":{"line":56,"column":22}},"loc":{"start":{"line":56,"column":41},"end":{"line":63,"column":1}},"line":56},"7":{"name":"(anonymous_7)","decl":{"start":{"line":64,"column":22},"end":{"line":64,"column":23}},"loc":{"start":{"line":64,"column":42},"end":{"line":71,"column":1}},"line":64}},"branchMap":{},"s":{"0":2,"1":1,"2":1,"3":0,"4":1,"5":2,"6":2,"7":1,"8":1,"9":1,"10":1,"11":1,"12":0,"13":0,"14":0,"15":0,"16":0,"17":1,"18":1,"19":0,"20":1,"21":0,"22":0,"23":0,"24":0,"25":2,"26":1,"27":1,"28":1,"29":0,"30":2,"31":0,"32":0,"33":0,"34":0,"35":2},"f":{"0":1,"1":2,"2":1,"3":0,"4":1,"5":0,"6":1,"7":0},"b":{},"_coverageSchema":"1a1c01bbd47fc00a2c39e90264f33305004495a9","hash":"65ff35632654438486d5784f0c71751489de8751"}
,"/home/mavlyudabegim/Documents/budgetify-1-task/server/controllers/categoryController.js": {"path":"/home/mavlyudabegim/Documents/budgetify-1-task/server/controllers/categoryController.js","statementMap":{"0":{"start":{"line":1,"column":24},"end":{"line":1,"column":62}},"1":{"start":{"line":3,"column":2},"end":{"line":8,"column":3}},"2":{"start":{"line":4,"column":21},"end":{"line":4,"column":72}},"3":{"start":{"line":5,"column":4},"end":{"line":5,"column":42}},"4":{"start":{"line":7,"column":4},"end":{"line":7,"column":32}},"5":{"start":{"line":11,"column":2},"end":{"line":16,"column":3}},"6":{"start":{"line":12,"column":23},"end":{"line":12,"column":73}},"7":{"start":{"line":13,"column":4},"end":{"line":13,"column":44}},"8":{"start":{"line":15,"column":4},"end":{"line":15,"column":32}},"9":{"start":{"line":19,"column":2},"end":{"line":24,"column":3}},"10":{"start":{"line":20,"column":21},"end":{"line":20,"column":79}},"11":{"start":{"line":21,"column":4},"end":{"line":21,"column":42}},"12":{"start":{"line":23,"column":4},"end":{"line":23,"column":32}},"13":{"start":{"line":27,"column":2},"end":{"line":35,"column":3}},"14":{"start":{"line":28,"column":25},"end":{"line":31,"column":5}},"15":{"start":{"line":32,"column":4},"end":{"line":32,"column":46}},"16":{"start":{"line":34,"column":4},"end":{"line":34,"column":32}},"17":{"start":{"line":38,"column":2},"end":{"line":45,"column":3}},"18":{"start":{"line":39,"column":29},"end":{"line":41,"column":5}},"19":{"start":{"line":42,"column":4},"end":{"line":42,"column":50}},"20":{"start":{"line":44,"column":4},"end":{"line":44,"column":32}},"21":{"start":{"line":47,"column":0},"end":{"line":53,"column":2}}},"fnMap":{"0":{"name":"category_details","decl":{"start":{"line":2,"column":15},"end":{"line":2,"column":31}},"loc":{"start":{"line":2,"column":42},"end":{"line":9,"column":1}},"line":2},"1":{"name":"categories_details","decl":{"start":{"line":10,"column":15},"end":{"line":10,"column":33}},"loc":{"start":{"line":10,"column":44},"end":{"line":17,"column":1}},"line":10},"2":{"name":"category_create","decl":{"start":{"line":18,"column":15},"end":{"line":18,"column":30}},"loc":{"start":{"line":18,"column":41},"end":{"line":25,"column":1}},"line":18},"3":{"name":"category_edit","decl":{"start":{"line":26,"column":15},"end":{"line":26,"column":28}},"loc":{"start":{"line":26,"column":39},"end":{"line":36,"column":1}},"line":26},"4":{"name":"category_remove","decl":{"start":{"line":37,"column":15},"end":{"line":37,"column":30}},"loc":{"start":{"line":37,"column":41},"end":{"line":46,"column":1}},"line":37}},"branchMap":{},"s":{"0":2,"1":0,"2":0,"3":0,"4":0,"5":1,"6":1,"7":1,"8":0,"9":2,"10":2,"11":2,"12":0,"13":1,"14":1,"15":1,"16":0,"17":2,"18":2,"19":1,"20":1,"21":2},"f":{"0":0,"1":1,"2":2,"3":1,"4":2},"b":{},"_coverageSchema":"1a1c01bbd47fc00a2c39e90264f33305004495a9","hash":"ea9b6a306dfd170a5b344847fa8ca6036dd44a97"}
,"/home/mavlyudabegim/Documents/budgetify-1-task/server/controllers/expensesController.js": {"path":"/home/mavlyudabegim/Documents/budgetify-1-task/server/controllers/expensesController.js","statementMap":{"0":{"start":{"line":1,"column":24},"end":{"line":1,"column":62}},"1":{"start":{"line":3,"column":2},"end":{"line":8,"column":3}},"2":{"start":{"line":4,"column":20},"end":{"line":4,"column":70}},"3":{"start":{"line":5,"column":4},"end":{"line":5,"column":41}},"4":{"start":{"line":7,"column":4},"end":{"line":7,"column":32}},"5":{"start":{"line":11,"column":2},"end":{"line":16,"column":3}},"6":{"start":{"line":12,"column":21},"end":{"line":12,"column":79}},"7":{"start":{"line":13,"column":4},"end":{"line":13,"column":42}},"8":{"start":{"line":15,"column":4},"end":{"line":15,"column":32}},"9":{"start":{"line":19,"column":2},"end":{"line":28,"column":3}},"10":{"start":{"line":20,"column":20},"end":{"line":24,"column":5}},"11":{"start":{"line":25,"column":4},"end":{"line":25,"column":41}},"12":{"start":{"line":27,"column":4},"end":{"line":27,"column":32}},"13":{"start":{"line":31,"column":2},"end":{"line":39,"column":3}},"14":{"start":{"line":32,"column":23},"end":{"line":35,"column":5}},"15":{"start":{"line":36,"column":4},"end":{"line":36,"column":44}},"16":{"start":{"line":38,"column":4},"end":{"line":38,"column":32}},"17":{"start":{"line":42,"column":2},"end":{"line":49,"column":3}},"18":{"start":{"line":43,"column":28},"end":{"line":45,"column":5}},"19":{"start":{"line":46,"column":4},"end":{"line":46,"column":49}},"20":{"start":{"line":48,"column":4},"end":{"line":48,"column":32}},"21":{"start":{"line":51,"column":0},"end":{"line":57,"column":2}}},"fnMap":{"0":{"name":"expense_details","decl":{"start":{"line":2,"column":15},"end":{"line":2,"column":30}},"loc":{"start":{"line":2,"column":41},"end":{"line":9,"column":1}},"line":2},"1":{"name":"expenses_details","decl":{"start":{"line":10,"column":15},"end":{"line":10,"column":31}},"loc":{"start":{"line":10,"column":42},"end":{"line":17,"column":1}},"line":10},"2":{"name":"expenses_create","decl":{"start":{"line":18,"column":15},"end":{"line":18,"column":30}},"loc":{"start":{"line":18,"column":41},"end":{"line":29,"column":1}},"line":18},"3":{"name":"expenses_edit","decl":{"start":{"line":30,"column":15},"end":{"line":30,"column":28}},"loc":{"start":{"line":30,"column":39},"end":{"line":40,"column":1}},"line":30},"4":{"name":"expenses_remove","decl":{"start":{"line":41,"column":15},"end":{"line":41,"column":30}},"loc":{"start":{"line":41,"column":41},"end":{"line":50,"column":1}},"line":41}},"branchMap":{},"s":{"0":2,"1":0,"2":0,"3":0,"4":0,"5":0,"6":0,"7":0,"8":0,"9":0,"10":0,"11":0,"12":0,"13":0,"14":0,"15":0,"16":0,"17":0,"18":0,"19":0,"20":0,"21":2},"f":{"0":0,"1":0,"2":0,"3":0,"4":0},"b":{},"_coverageSchema":"1a1c01bbd47fc00a2c39e90264f33305004495a9","hash":"cb3ccb4a2adbdf0fb54e56fc35020917cb2acc7b"}
,"/home/mavlyudabegim/Documents/budgetify-1-task/server/controllers/incomeController.js": {"path":"/home/mavlyudabegim/Documents/budgetify-1-task/server/controllers/incomeController.js","statementMap":{"0":{"start":{"line":1,"column":22},"end":{"line":1,"column":58}},"1":{"start":{"line":3,"column":2},"end":{"line":8,"column":3}},"2":{"start":{"line":4,"column":22},"end":{"line":4,"column":69}},"3":{"start":{"line":5,"column":4},"end":{"line":5,"column":43}},"4":{"start":{"line":7,"column":4},"end":{"line":7,"column":32}},"5":{"start":{"line":11,"column":2},"end":{"line":20,"column":3}},"6":{"start":{"line":12,"column":23},"end":{"line":16,"column":5}},"7":{"start":{"line":17,"column":4},"end":{"line":17,"column":44}},"8":{"start":{"line":19,"column":4},"end":{"line":19,"column":32}},"9":{"start":{"line":23,"column":2},"end":{"line":31,"column":3}},"10":{"start":{"line":24,"column":23},"end":{"line":27,"column":5}},"11":{"start":{"line":28,"column":4},"end":{"line":28,"column":44}},"12":{"start":{"line":30,"column":4},"end":{"line":30,"column":32}},"13":{"start":{"line":34,"column":2},"end":{"line":39,"column":3}},"14":{"start":{"line":35,"column":27},"end":{"line":35,"column":74}},"15":{"start":{"line":36,"column":4},"end":{"line":36,"column":48}},"16":{"start":{"line":38,"column":4},"end":{"line":38,"column":32}},"17":{"start":{"line":42,"column":2},"end":{"line":47,"column":3}},"18":{"start":{"line":43,"column":20},"end":{"line":43,"column":75}},"19":{"start":{"line":44,"column":4},"end":{"line":44,"column":41}},"20":{"start":{"line":46,"column":4},"end":{"line":46,"column":32}},"21":{"start":{"line":50,"column":0},"end":{"line":56,"column":2}}},"fnMap":{"0":{"name":"income_details","decl":{"start":{"line":2,"column":15},"end":{"line":2,"column":29}},"loc":{"start":{"line":2,"column":40},"end":{"line":9,"column":1}},"line":2},"1":{"name":"income_create","decl":{"start":{"line":10,"column":15},"end":{"line":10,"column":28}},"loc":{"start":{"line":10,"column":39},"end":{"line":21,"column":1}},"line":10},"2":{"name":"income_edit","decl":{"start":{"line":22,"column":15},"end":{"line":22,"column":26}},"loc":{"start":{"line":22,"column":37},"end":{"line":32,"column":1}},"line":22},"3":{"name":"income_remove","decl":{"start":{"line":33,"column":15},"end":{"line":33,"column":28}},"loc":{"start":{"line":33,"column":39},"end":{"line":40,"column":1}},"line":33},"4":{"name":"incomes_details","decl":{"start":{"line":41,"column":15},"end":{"line":41,"column":30}},"loc":{"start":{"line":41,"column":41},"end":{"line":48,"column":1}},"line":41}},"branchMap":{},"s":{"0":2,"1":0,"2":0,"3":0,"4":0,"5":0,"6":0,"7":0,"8":0,"9":0,"10":0,"11":0,"12":0,"13":0,"14":0,"15":0,"16":0,"17":0,"18":0,"19":0,"20":0,"21":2},"f":{"0":0,"1":0,"2":0,"3":0,"4":0},"b":{},"_coverageSchema":"1a1c01bbd47fc00a2c39e90264f33305004495a9","hash":"cb933c8e6cc01f4ecf4bfba1e5105e3a8729750e"}
,"/home/mavlyudabegim/Documents/budgetify-1-task/server/controllers/userController.js": {"path":"/home/mavlyudabegim/Documents/budgetify-1-task/server/controllers/userController.js","statementMap":{"0":{"start":{"line":1,"column":20},"end":{"line":1,"column":54}},"1":{"start":{"line":3,"column":2},"end":{"line":8,"column":3}},"2":{"start":{"line":4,"column":17},"end":{"line":4,"column":60}},"3":{"start":{"line":5,"column":4},"end":{"line":5,"column":38}},"4":{"start":{"line":7,"column":4},"end":{"line":7,"column":32}},"5":{"start":{"line":11,"column":2},"end":{"line":16,"column":3}},"6":{"start":{"line":12,"column":17},"end":{"line":12,"column":55}},"7":{"start":{"line":13,"column":4},"end":{"line":13,"column":38}},"8":{"start":{"line":15,"column":4},"end":{"line":15,"column":32}},"9":{"start":{"line":19,"column":2},"end":{"line":24,"column":3}},"10":{"start":{"line":20,"column":18},"end":{"line":20,"column":49}},"11":{"start":{"line":21,"column":4},"end":{"line":21,"column":39}},"12":{"start":{"line":23,"column":4},"end":{"line":23,"column":32}},"13":{"start":{"line":27,"column":2},"end":{"line":32,"column":3}},"14":{"start":{"line":28,"column":20},"end":{"line":28,"column":73}},"15":{"start":{"line":29,"column":4},"end":{"line":29,"column":41}},"16":{"start":{"line":31,"column":4},"end":{"line":31,"column":32}},"17":{"start":{"line":35,"column":2},"end":{"line":40,"column":3}},"18":{"start":{"line":36,"column":25},"end":{"line":36,"column":71}},"19":{"start":{"line":37,"column":4},"end":{"line":37,"column":46}},"20":{"start":{"line":39,"column":4},"end":{"line":39,"column":32}},"21":{"start":{"line":42,"column":0},"end":{"line":48,"column":2}}},"fnMap":{"0":{"name":"user_details","decl":{"start":{"line":2,"column":15},"end":{"line":2,"column":27}},"loc":{"start":{"line":2,"column":38},"end":{"line":9,"column":1}},"line":2},"1":{"name":"user_create","decl":{"start":{"line":10,"column":15},"end":{"line":10,"column":26}},"loc":{"start":{"line":10,"column":37},"end":{"line":17,"column":1}},"line":10},"2":{"name":"users_details","decl":{"start":{"line":18,"column":15},"end":{"line":18,"column":28}},"loc":{"start":{"line":18,"column":39},"end":{"line":25,"column":1}},"line":18},"3":{"name":"user_edit","decl":{"start":{"line":26,"column":15},"end":{"line":26,"column":24}},"loc":{"start":{"line":26,"column":35},"end":{"line":33,"column":1}},"line":26},"4":{"name":"user_delete","decl":{"start":{"line":34,"column":15},"end":{"line":34,"column":26}},"loc":{"start":{"line":34,"column":37},"end":{"line":41,"column":1}},"line":34}},"branchMap":{},"s":{"0":2,"1":0,"2":0,"3":0,"4":0,"5":0,"6":0,"7":0,"8":0,"9":0,"10":0,"11":0,"12":0,"13":0,"14":0,"15":0,"16":0,"17":0,"18":0,"19":0,"20":0,"21":2},"f":{"0":0,"1":0,"2":0,"3":0,"4":0},"b":{},"_coverageSchema":"1a1c01bbd47fc00a2c39e90264f33305004495a9","hash":"a288f780e0022f5403b0454575e5d527e5ccc2ec"}
,"/home/mavlyudabegim/Documents/budgetify-1-task/server/models/accounts.js": {"path":"/home/mavlyudabegim/Documents/budgetify-1-task/server/models/accounts.js","statementMap":{"0":{"start":{"line":1,"column":17},"end":{"line":1,"column":36}},"1":{"start":{"line":2,"column":22},"end":{"line":9,"column":1}},"2":{"start":{"line":10,"column":0},"end":{"line":10,"column":58}}},"fnMap":{},"branchMap":{},"s":{"0":2,"1":2,"2":2},"f":{},"b":{},"_coverageSchema":"1a1c01bbd47fc00a2c39e90264f33305004495a9","hash":"c60d4206ae784144a2393a9e353928c8a1f6910f"}
,"/home/mavlyudabegim/Documents/budgetify-1-task/server/models/category.js": {"path":"/home/mavlyudabegim/Documents/budgetify-1-task/server/models/category.js","statementMap":{"0":{"start":{"line":1,"column":17},"end":{"line":1,"column":36}},"1":{"start":{"line":2,"column":23},"end":{"line":8,"column":2}},"2":{"start":{"line":9,"column":0},"end":{"line":9,"column":60}}},"fnMap":{},"branchMap":{},"s":{"0":2,"1":2,"2":2},"f":{},"b":{},"_coverageSchema":"1a1c01bbd47fc00a2c39e90264f33305004495a9","hash":"ea871ed0e1829ad968f90ca0dcbe2daae61e5ff4"}
,"/home/mavlyudabegim/Documents/budgetify-1-task/server/models/expenses.js": {"path":"/home/mavlyudabegim/Documents/budgetify-1-task/server/models/expenses.js","statementMap":{"0":{"start":{"line":1,"column":17},"end":{"line":1,"column":36}},"1":{"start":{"line":2,"column":22},"end":{"line":19,"column":1}},"2":{"start":{"line":20,"column":0},"end":{"line":20,"column":58}}},"fnMap":{},"branchMap":{},"s":{"0":2,"1":2,"2":2},"f":{},"b":{},"_coverageSchema":"1a1c01bbd47fc00a2c39e90264f33305004495a9","hash":"6a53afb9edd3edbadf31eb39142fd354e9a647ba"}
,"/home/mavlyudabegim/Documents/budgetify-1-task/server/models/incomes.js": {"path":"/home/mavlyudabegim/Documents/budgetify-1-task/server/models/incomes.js","statementMap":{"0":{"start":{"line":1,"column":17},"end":{"line":1,"column":36}},"1":{"start":{"line":2,"column":21},"end":{"line":25,"column":1}},"2":{"start":{"line":26,"column":0},"end":{"line":26,"column":56}}},"fnMap":{},"branchMap":{},"s":{"0":2,"1":2,"2":2},"f":{},"b":{},"_coverageSchema":"1a1c01bbd47fc00a2c39e90264f33305004495a9","hash":"8cf7b447e9a9ac6e25a6d510f76cecaa91278bc5"}
,"/home/mavlyudabegim/Documents/budgetify-1-task/server/models/users.js": {"path":"/home/mavlyudabegim/Documents/budgetify-1-task/server/models/users.js","statementMap":{"0":{"start":{"line":1,"column":21},"end":{"line":1,"column":41}},"1":{"start":{"line":2,"column":17},"end":{"line":2,"column":36}},"2":{"start":{"line":3,"column":15},"end":{"line":3,"column":32}},"3":{"start":{"line":4,"column":18},"end":{"line":4,"column":38}},"4":{"start":{"line":5,"column":19},"end":{"line":31,"column":1}},"5":{"start":{"line":32,"column":0},"end":{"line":36,"column":3}},"6":{"start":{"line":33,"column":15},"end":{"line":33,"column":37}},"7":{"start":{"line":34,"column":2},"end":{"line":34,"column":57}},"8":{"start":{"line":35,"column":2},"end":{"line":35,"column":9}},"9":{"start":{"line":37,"column":0},"end":{"line":37,"column":52}}},"fnMap":{"0":{"name":"(anonymous_0)","decl":{"start":{"line":32,"column":23},"end":{"line":32,"column":24}},"loc":{"start":{"line":32,"column":45},"end":{"line":36,"column":1}},"line":32}},"branchMap":{},"s":{"0":2,"1":2,"2":2,"3":2,"4":2,"5":2,"6":0,"7":0,"8":0,"9":2},"f":{"0":0},"b":{},"_coverageSchema":"1a1c01bbd47fc00a2c39e90264f33305004495a9","hash":"df73c3f7615e2f78c7d60f5ebcc3e7867ee6ddf7"}
,"/home/mavlyudabegim/Documents/budgetify-1-task/server/routes/account.js": {"path":"/home/mavlyudabegim/Documents/budgetify-1-task/server/routes/account.js","statementMap":{"0":{"start":{"line":1,"column":16},"end":{"line":1,"column":34}},"1":{"start":{"line":2,"column":15},"end":{"line":2,"column":31}},"2":{"start":{"line":3,"column":19},"end":{"line":3,"column":41}},"3":{"start":{"line":4,"column":19},"end":{"line":4,"column":36}},"4":{"start":{"line":5,"column":26},"end":{"line":5,"column":69}},"5":{"start":{"line":8,"column":0},"end":{"line":8,"column":54}},"6":{"start":{"line":10,"column":0},"end":{"line":10,"column":63}},"7":{"start":{"line":12,"column":0},"end":{"line":12,"column":52}},"8":{"start":{"line":14,"column":0},"end":{"line":14,"column":63}},"9":{"start":{"line":16,"column":0},"end":{"line":16,"column":56}},"10":{"start":{"line":18,"column":0},"end":{"line":18,"column":63}},"11":{"start":{"line":20,"column":0},"end":{"line":20,"column":65}},"12":{"start":{"line":21,"column":0},"end":{"line":21,"column":24}}},"fnMap":{},"branchMap":{},"s":{"0":2,"1":2,"2":2,"3":2,"4":2,"5":2,"6":2,"7":2,"8":2,"9":2,"10":2,"11":2,"12":2},"f":{},"b":{},"_coverageSchema":"1a1c01bbd47fc00a2c39e90264f33305004495a9","hash":"9b5d38887b8ad5578049c4c7eaf3553dfb27359a"}
,"/home/mavlyudabegim/Documents/budgetify-1-task/server/routes/category.js": {"path":"/home/mavlyudabegim/Documents/budgetify-1-task/server/routes/category.js","statementMap":{"0":{"start":{"line":1,"column":16},"end":{"line":1,"column":34}},"1":{"start":{"line":2,"column":15},"end":{"line":2,"column":31}},"2":{"start":{"line":3,"column":19},"end":{"line":3,"column":41}},"3":{"start":{"line":4,"column":27},"end":{"line":4,"column":71}},"4":{"start":{"line":5,"column":19},"end":{"line":5,"column":36}},"5":{"start":{"line":7,"column":0},"end":{"line":7,"column":56}},"6":{"start":{"line":9,"column":0},"end":{"line":9,"column":55}},"7":{"start":{"line":11,"column":0},"end":{"line":11,"column":65}},"8":{"start":{"line":13,"column":0},"end":{"line":13,"column":65}},"9":{"start":{"line":15,"column":0},"end":{"line":15,"column":58}},"10":{"start":{"line":17,"column":0},"end":{"line":17,"column":24}}},"fnMap":{},"branchMap":{},"s":{"0":2,"1":2,"2":2,"3":2,"4":2,"5":2,"6":2,"7":2,"8":2,"9":2,"10":2},"f":{},"b":{},"_coverageSchema":"1a1c01bbd47fc00a2c39e90264f33305004495a9","hash":"dd9bfe9db03a13d6c58af648f1316057241771ba"}
,"/home/mavlyudabegim/Documents/budgetify-1-task/server/routes/expenses.js": {"path":"/home/mavlyudabegim/Documents/budgetify-1-task/server/routes/expenses.js","statementMap":{"0":{"start":{"line":1,"column":16},"end":{"line":1,"column":34}},"1":{"start":{"line":2,"column":15},"end":{"line":2,"column":31}},"2":{"start":{"line":3,"column":19},"end":{"line":3,"column":41}},"3":{"start":{"line":4,"column":27},"end":{"line":4,"column":71}},"4":{"start":{"line":5,"column":19},"end":{"line":5,"column":36}},"5":{"start":{"line":7,"column":0},"end":{"line":7,"column":55}},"6":{"start":{"line":9,"column":0},"end":{"line":9,"column":63}},"7":{"start":{"line":11,"column":0},"end":{"line":11,"column":75}},"8":{"start":{"line":13,"column":0},"end":{"line":13,"column":65}},"9":{"start":{"line":15,"column":0},"end":{"line":15,"column":58}},"10":{"start":{"line":17,"column":0},"end":{"line":17,"column":24}}},"fnMap":{},"branchMap":{},"s":{"0":2,"1":2,"2":2,"3":2,"4":2,"5":2,"6":2,"7":2,"8":2,"9":2,"10":2},"f":{},"b":{},"_coverageSchema":"1a1c01bbd47fc00a2c39e90264f33305004495a9","hash":"a5691e3b02bfb0538ee709d1e72b46ed41a9af6b"}
,"/home/mavlyudabegim/Documents/budgetify-1-task/server/routes/income.js": {"path":"/home/mavlyudabegim/Documents/budgetify-1-task/server/routes/income.js","statementMap":{"0":{"start":{"line":1,"column":16},"end":{"line":1,"column":34}},"1":{"start":{"line":2,"column":15},"end":{"line":2,"column":31}},"2":{"start":{"line":3,"column":19},"end":{"line":3,"column":41}},"3":{"start":{"line":4,"column":19},"end":{"line":4,"column":36}},"4":{"start":{"line":5,"column":25},"end":{"line":5,"column":67}},"5":{"start":{"line":7,"column":0},"end":{"line":7,"column":52}},"6":{"start":{"line":9,"column":0},"end":{"line":9,"column":71}},"7":{"start":{"line":11,"column":0},"end":{"line":11,"column":72}},"8":{"start":{"line":13,"column":0},"end":{"line":13,"column":61}},"9":{"start":{"line":15,"column":0},"end":{"line":15,"column":54}},"10":{"start":{"line":17,"column":0},"end":{"line":17,"column":24}}},"fnMap":{},"branchMap":{},"s":{"0":2,"1":2,"2":2,"3":2,"4":2,"5":2,"6":2,"7":2,"8":2,"9":2,"10":2},"f":{},"b":{},"_coverageSchema":"1a1c01bbd47fc00a2c39e90264f33305004495a9","hash":"0e191021f46ac1662fde9dd5703bad44dd095cde"}
,"/home/mavlyudabegim/Documents/budgetify-1-task/server/routes/user.js": {"path":"/home/mavlyudabegim/Documents/budgetify-1-task/server/routes/user.js","statementMap":{"0":{"start":{"line":1,"column":16},"end":{"line":1,"column":34}},"1":{"start":{"line":2,"column":15},"end":{"line":2,"column":31}},"2":{"start":{"line":3,"column":19},"end":{"line":3,"column":41}},"3":{"start":{"line":4,"column":19},"end":{"line":4,"column":36}},"4":{"start":{"line":5,"column":23},"end":{"line":5,"column":63}},"5":{"start":{"line":7,"column":0},"end":{"line":7,"column":48}},"6":{"start":{"line":9,"column":0},"end":{"line":9,"column":65}},"7":{"start":{"line":11,"column":0},"end":{"line":11,"column":46}},"8":{"start":{"line":13,"column":0},"end":{"line":13,"column":45}},"9":{"start":{"line":15,"column":0},"end":{"line":15,"column":50}},"10":{"start":{"line":17,"column":0},"end":{"line":17,"column":24}}},"fnMap":{},"branchMap":{},"s":{"0":2,"1":2,"2":2,"3":2,"4":2,"5":2,"6":2,"7":2,"8":2,"9":2,"10":2},"f":{},"b":{},"_coverageSchema":"1a1c01bbd47fc00a2c39e90264f33305004495a9","hash":"8e870ce48dca5f29be349ce8ef3e99d3cd7e3db2"}
,"/home/mavlyudabegim/Documents/budgetify-1-task/server/services/accountService.js": {"path":"/home/mavlyudabegim/Documents/budgetify-1-task/server/services/accountService.js","statementMap":{"0":{"start":{"line":1,"column":16},"end":{"line":1,"column":45}},"1":{"start":{"line":2,"column":16},"end":{"line":2,"column":45}},"2":{"start":{"line":3,"column":15},"end":{"line":3,"column":43}},"3":{"start":{"line":4,"column":17},"end":{"line":4,"column":36}},"4":{"start":{"line":6,"column":18},"end":{"line":6,"column":44}},"5":{"start":{"line":7,"column":2},"end":{"line":7,"column":17}},"6":{"start":{"line":10,"column":23},"end":{"line":10,"column":45}},"7":{"start":{"line":11,"column":22},"end":{"line":11,"column":56}},"8":{"start":{"line":12,"column":2},"end":{"line":12,"column":21}},"9":{"start":{"line":15,"column":19},"end":{"line":15,"column":49}},"10":{"start":{"line":16,"column":2},"end":{"line":16,"column":18}},"11":{"start":{"line":19,"column":18},"end":{"line":19,"column":69}},"12":{"start":{"line":20,"column":2},"end":{"line":20,"column":17}},"13":{"start":{"line":23,"column":26},"end":{"line":23,"column":68}},"14":{"start":{"line":24,"column":2},"end":{"line":24,"column":41}},"15":{"start":{"line":25,"column":2},"end":{"line":25,"column":42}},"16":{"start":{"line":26,"column":2},"end":{"line":26,"column":25}},"17":{"start":{"line":29,"column":27},"end":{"line":33,"column":1}},"18":{"start":{"line":30,"column":18},"end":{"line":30,"column":50}},"19":{"start":{"line":31,"column":14},"end":{"line":31,"column":67}},"20":{"start":{"line":31,"column":42},"end":{"line":31,"column":63}},"21":{"start":{"line":32,"column":2},"end":{"line":32,"column":13}},"22":{"start":{"line":34,"column":28},"end":{"line":38,"column":1}},"23":{"start":{"line":35,"column":19},"end":{"line":35,"column":52}},"24":{"start":{"line":36,"column":14},"end":{"line":36,"column":69}},"25":{"start":{"line":36,"column":43},"end":{"line":36,"column":65}},"26":{"start":{"line":37,"column":2},"end":{"line":37,"column":13}},"27":{"start":{"line":39,"column":0},"end":{"line":47,"column":2}}},"fnMap":{"0":{"name":"getOneAccount","decl":{"start":{"line":5,"column":15},"end":{"line":5,"column":28}},"loc":{"start":{"line":5,"column":33},"end":{"line":8,"column":1}},"line":5},"1":{"name":"createAccount","decl":{"start":{"line":9,"column":15},"end":{"line":9,"column":28}},"loc":{"start":{"line":9,"column":46},"end":{"line":13,"column":1}},"line":9},"2":{"name":"getAllAccounts","decl":{"start":{"line":14,"column":15},"end":{"line":14,"column":29}},"loc":{"start":{"line":14,"column":38},"end":{"line":17,"column":1}},"line":14},"3":{"name":"updateAccount","decl":{"start":{"line":18,"column":15},"end":{"line":18,"column":28}},"loc":{"start":{"line":18,"column":49},"end":{"line":21,"column":1}},"line":18},"4":{"name":"removeOneAccount","decl":{"start":{"line":22,"column":15},"end":{"line":22,"column":31}},"loc":{"start":{"line":22,"column":43},"end":{"line":27,"column":1}},"line":22},"5":{"name":"(anonymous_5)","decl":{"start":{"line":29,"column":27},"end":{"line":29,"column":28}},"loc":{"start":{"line":29,"column":48},"end":{"line":33,"column":1}},"line":29},"6":{"name":"(anonymous_6)","decl":{"start":{"line":31,"column":29},"end":{"line":31,"column":30}},"loc":{"start":{"line":31,"column":42},"end":{"line":31,"column":63}},"line":31},"7":{"name":"(anonymous_7)","decl":{"start":{"line":34,"column":28},"end":{"line":34,"column":29}},"loc":{"start":{"line":34,"column":49},"end":{"line":38,"column":1}},"line":34},"8":{"name":"(anonymous_8)","decl":{"start":{"line":36,"column":30},"end":{"line":36,"column":31}},"loc":{"start":{"line":36,"column":43},"end":{"line":36,"column":65}},"line":36}},"branchMap":{},"s":{"0":2,"1":2,"2":2,"3":2,"4":1,"5":0,"6":2,"7":2,"8":1,"9":1,"10":1,"11":0,"12":0,"13":1,"14":0,"15":0,"16":0,"17":2,"18":1,"19":1,"20":1,"21":1,"22":2,"23":0,"24":0,"25":0,"26":0,"27":2},"f":{"0":1,"1":2,"2":1,"3":0,"4":1,"5":1,"6":1,"7":0,"8":0},"b":{},"_coverageSchema":"1a1c01bbd47fc00a2c39e90264f33305004495a9","hash":"d9a26427470c95098e99bda526db9e6b07988a46"}
,"/home/mavlyudabegim/Documents/budgetify-1-task/server/services/categoryService.js": {"path":"/home/mavlyudabegim/Documents/budgetify-1-task/server/services/categoryService.js","statementMap":{"0":{"start":{"line":1,"column":17},"end":{"line":1,"column":46}},"1":{"start":{"line":3,"column":19},"end":{"line":3,"column":46}},"2":{"start":{"line":4,"column":2},"end":{"line":4,"column":18}},"3":{"start":{"line":7,"column":21},"end":{"line":7,"column":52}},"4":{"start":{"line":8,"column":2},"end":{"line":8,"column":20}},"5":{"start":{"line":11,"column":23},"end":{"line":11,"column":69}},"6":{"start":{"line":12,"column":2},"end":{"line":12,"column":22}},"7":{"start":{"line":15,"column":27},"end":{"line":18,"column":3}},"8":{"start":{"line":19,"column":2},"end":{"line":19,"column":26}},"9":{"start":{"line":22,"column":27},"end":{"line":22,"column":63}},"10":{"start":{"line":23,"column":2},"end":{"line":23,"column":26}},"11":{"start":{"line":25,"column":0},"end":{"line":31,"column":2}}},"fnMap":{"0":{"name":"getOneCategory","decl":{"start":{"line":2,"column":15},"end":{"line":2,"column":29}},"loc":{"start":{"line":2,"column":34},"end":{"line":5,"column":1}},"line":2},"1":{"name":"getAllCategories","decl":{"start":{"line":6,"column":15},"end":{"line":6,"column":31}},"loc":{"start":{"line":6,"column":40},"end":{"line":9,"column":1}},"line":6},"2":{"name":"createCategory","decl":{"start":{"line":10,"column":15},"end":{"line":10,"column":29}},"loc":{"start":{"line":10,"column":48},"end":{"line":13,"column":1}},"line":10},"3":{"name":"updateCategory","decl":{"start":{"line":14,"column":15},"end":{"line":14,"column":29}},"loc":{"start":{"line":14,"column":51},"end":{"line":20,"column":1}},"line":14},"4":{"name":"deleteOneCategory","decl":{"start":{"line":21,"column":15},"end":{"line":21,"column":32}},"loc":{"start":{"line":21,"column":37},"end":{"line":24,"column":1}},"line":21}},"branchMap":{},"s":{"0":2,"1":0,"2":0,"3":1,"4":1,"5":2,"6":2,"7":1,"8":1,"9":2,"10":1,"11":2},"f":{"0":0,"1":1,"2":2,"3":1,"4":2},"b":{},"_coverageSchema":"1a1c01bbd47fc00a2c39e90264f33305004495a9","hash":"1a5e0ee5ef314d28bb72ebe413704f4d58d064d0"}
,"/home/mavlyudabegim/Documents/budgetify-1-task/server/services/expensesService.js": {"path":"/home/mavlyudabegim/Documents/budgetify-1-task/server/services/expensesService.js","statementMap":{"0":{"start":{"line":1,"column":17},"end":{"line":1,"column":46}},"1":{"start":{"line":3,"column":18},"end":{"line":3,"column":45}},"2":{"start":{"line":4,"column":2},"end":{"line":4,"column":17}},"3":{"start":{"line":7,"column":19},"end":{"line":7,"column":53}},"4":{"start":{"line":8,"column":2},"end":{"line":8,"column":18}},"5":{"start":{"line":11,"column":23},"end":{"line":11,"column":59}},"6":{"start":{"line":12,"column":18},"end":{"line":12,"column":53}},"7":{"start":{"line":13,"column":2},"end":{"line":13,"column":17}},"8":{"start":{"line":16,"column":26},"end":{"line":16,"column":78}},"9":{"start":{"line":17,"column":2},"end":{"line":17,"column":25}},"10":{"start":{"line":20,"column":25},"end":{"line":20,"column":61}},"11":{"start":{"line":21,"column":2},"end":{"line":21,"column":24}},"12":{"start":{"line":23,"column":0},"end":{"line":29,"column":2}}},"fnMap":{"0":{"name":"getOneExpense","decl":{"start":{"line":2,"column":15},"end":{"line":2,"column":28}},"loc":{"start":{"line":2,"column":33},"end":{"line":5,"column":1}},"line":2},"1":{"name":"getAllExpenses","decl":{"start":{"line":6,"column":15},"end":{"line":6,"column":29}},"loc":{"start":{"line":6,"column":41},"end":{"line":9,"column":1}},"line":6},"2":{"name":"createExpense","decl":{"start":{"line":10,"column":15},"end":{"line":10,"column":28}},"loc":{"start":{"line":10,"column":60},"end":{"line":14,"column":1}},"line":10},"3":{"name":"updateExpence","decl":{"start":{"line":15,"column":15},"end":{"line":15,"column":28}},"loc":{"start":{"line":15,"column":49},"end":{"line":18,"column":1}},"line":15},"4":{"name":"deleteOneExpence","decl":{"start":{"line":19,"column":15},"end":{"line":19,"column":31}},"loc":{"start":{"line":19,"column":36},"end":{"line":22,"column":1}},"line":19}},"branchMap":{},"s":{"0":2,"1":0,"2":0,"3":0,"4":0,"5":0,"6":0,"7":0,"8":0,"9":0,"10":0,"11":0,"12":2},"f":{"0":0,"1":0,"2":0,"3":0,"4":0},"b":{},"_coverageSchema":"1a1c01bbd47fc00a2c39e90264f33305004495a9","hash":"3b538835bc010f9b483a336743970979655c7c49"}
,"/home/mavlyudabegim/Documents/budgetify-1-task/server/services/incomeService.js": {"path":"/home/mavlyudabegim/Documents/budgetify-1-task/server/services/incomeService.js","statementMap":{"0":{"start":{"line":1,"column":15},"end":{"line":1,"column":43}},"1":{"start":{"line":2,"column":16},"end":{"line":2,"column":45}},"2":{"start":{"line":4,"column":20},"end":{"line":4,"column":45}},"3":{"start":{"line":5,"column":2},"end":{"line":5,"column":19}},"4":{"start":{"line":8,"column":22},"end":{"line":8,"column":57}},"5":{"start":{"line":9,"column":17},"end":{"line":9,"column":49}},"6":{"start":{"line":10,"column":2},"end":{"line":10,"column":16}},"7":{"start":{"line":13,"column":20},"end":{"line":13,"column":69}},"8":{"start":{"line":14,"column":2},"end":{"line":14,"column":19}},"9":{"start":{"line":17,"column":24},"end":{"line":17,"column":57}},"10":{"start":{"line":18,"column":2},"end":{"line":18,"column":23}},"11":{"start":{"line":21,"column":18},"end":{"line":21,"column":50}},"12":{"start":{"line":22,"column":2},"end":{"line":22,"column":17}},"13":{"start":{"line":25,"column":0},"end":{"line":31,"column":2}}},"fnMap":{"0":{"name":"getOneIncome","decl":{"start":{"line":3,"column":15},"end":{"line":3,"column":27}},"loc":{"start":{"line":3,"column":32},"end":{"line":6,"column":1}},"line":3},"1":{"name":"createIncome","decl":{"start":{"line":7,"column":15},"end":{"line":7,"column":27}},"loc":{"start":{"line":7,"column":58},"end":{"line":11,"column":1}},"line":7},"2":{"name":"updateIncome","decl":{"start":{"line":12,"column":15},"end":{"line":12,"column":27}},"loc":{"start":{"line":12,"column":47},"end":{"line":15,"column":1}},"line":12},"3":{"name":"deleteIncome","decl":{"start":{"line":16,"column":15},"end":{"line":16,"column":27}},"loc":{"start":{"line":16,"column":32},"end":{"line":19,"column":1}},"line":16},"4":{"name":"getAllIncomes","decl":{"start":{"line":20,"column":15},"end":{"line":20,"column":28}},"loc":{"start":{"line":20,"column":40},"end":{"line":23,"column":1}},"line":20}},"branchMap":{},"s":{"0":2,"1":2,"2":0,"3":0,"4":0,"5":0,"6":0,"7":0,"8":0,"9":0,"10":0,"11":0,"12":0,"13":2},"f":{"0":0,"1":0,"2":0,"3":0,"4":0},"b":{},"_coverageSchema":"1a1c01bbd47fc00a2c39e90264f33305004495a9","hash":"3f62c88ff3f73bf073b7cf8d5dd8c3113669bf16"}
,"/home/mavlyudabegim/Documents/budgetify-1-task/server/services/userService.js": {"path":"/home/mavlyudabegim/Documents/budgetify-1-task/server/services/userService.js","statementMap":{"0":{"start":{"line":1,"column":13},"end":{"line":1,"column":39}},"1":{"start":{"line":3,"column":19},"end":{"line":3,"column":42}},"2":{"start":{"line":4,"column":2},"end":{"line":4,"column":18}},"3":{"start":{"line":7,"column":15},"end":{"line":7,"column":41}},"4":{"start":{"line":8,"column":2},"end":{"line":8,"column":14}},"5":{"start":{"line":11,"column":16},"end":{"line":11,"column":33}},"6":{"start":{"line":12,"column":2},"end":{"line":12,"column":15}},"7":{"start":{"line":15,"column":18},"end":{"line":15,"column":63}},"8":{"start":{"line":16,"column":2},"end":{"line":16,"column":17}},"9":{"start":{"line":19,"column":23},"end":{"line":19,"column":55}},"10":{"start":{"line":20,"column":2},"end":{"line":20,"column":22}},"11":{"start":{"line":22,"column":0},"end":{"line":28,"column":2}}},"fnMap":{"0":{"name":"getOneUser","decl":{"start":{"line":2,"column":15},"end":{"line":2,"column":25}},"loc":{"start":{"line":2,"column":30},"end":{"line":5,"column":1}},"line":2},"1":{"name":"createUser","decl":{"start":{"line":6,"column":15},"end":{"line":6,"column":25}},"loc":{"start":{"line":6,"column":35},"end":{"line":9,"column":1}},"line":6},"2":{"name":"getAllUsers","decl":{"start":{"line":10,"column":15},"end":{"line":10,"column":26}},"loc":{"start":{"line":10,"column":29},"end":{"line":13,"column":1}},"line":10},"3":{"name":"updateUser","decl":{"start":{"line":14,"column":15},"end":{"line":14,"column":25}},"loc":{"start":{"line":14,"column":43},"end":{"line":17,"column":1}},"line":14},"4":{"name":"removeOneUser","decl":{"start":{"line":18,"column":15},"end":{"line":18,"column":28}},"loc":{"start":{"line":18,"column":33},"end":{"line":21,"column":1}},"line":18}},"branchMap":{},"s":{"0":2,"1":0,"2":0,"3":0,"4":0,"5":0,"6":0,"7":0,"8":0,"9":0,"10":0,"11":2},"f":{"0":0,"1":0,"2":0,"3":0,"4":0},"b":{},"_coverageSchema":"1a1c01bbd47fc00a2c39e90264f33305004495a9","hash":"e466a38504116d5cd9f6293056e65d9f2a5f5773"}
}
