TN:
SF:server/index.js
FNF:0
FNH:0
DA:1,2
DA:2,2
DA:3,2
DA:4,2
DA:5,2
DA:6,2
DA:7,2
DA:8,2
DA:9,2
DA:11,2
DA:12,2
DA:13,2
DA:14,2
DA:15,2
DA:16,2
DA:17,2
DA:18,2
DA:19,2
DA:21,2
LF:19
LH:19
BRF:0
BRH:0
end_of_record
TN:
SF:server/controllers/accountController.js
FN:2,account_details
FN:10,account_create
FN:18,accounts_details
FN:26,account_edit
FN:37,account_delete
FN:47,account_incomes
FN:56,(anonymous_6)
FN:64,(anonymous_7)
FNF:8
FNH:5
FNDA:1,account_details
FNDA:2,account_create
FNDA:1,accounts_details
FNDA:0,account_edit
FNDA:1,account_delete
FNDA:0,account_incomes
FNDA:1,(anonymous_6)
FNDA:0,(anonymous_7)
DA:1,2
DA:3,1
DA:4,1
DA:5,0
DA:7,1
DA:11,2
DA:12,2
DA:13,1
DA:15,1
DA:19,1
DA:20,1
DA:21,1
DA:23,0
DA:27,0
DA:28,0
DA:32,0
DA:34,0
DA:38,1
DA:39,1
DA:42,0
DA:44,1
DA:48,0
DA:49,0
DA:50,0
DA:52,0
DA:56,2
DA:57,1
DA:58,1
DA:59,1
DA:61,0
DA:64,2
DA:65,0
DA:66,0
DA:67,0
DA:69,0
DA:72,2
LF:36
LH:20
BRF:0
BRH:0
end_of_record
TN:
SF:server/controllers/categoryController.js
FN:2,category_details
FN:10,categories_details
FN:18,category_create
FN:26,category_edit
FN:37,category_remove
FNF:5
FNH:4
FNDA:0,category_details
FNDA:1,categories_details
FNDA:2,category_create
FNDA:1,category_edit
FNDA:2,category_remove
DA:1,2
DA:3,0
DA:4,0
DA:5,0
DA:7,0
DA:11,1
DA:12,1
DA:13,1
DA:15,0
DA:19,2
DA:20,2
DA:21,2
DA:23,0
DA:27,1
DA:28,1
DA:32,1
DA:34,0
DA:38,2
DA:39,2
DA:42,1
DA:44,1
DA:47,2
LF:22
LH:15
BRF:0
BRH:0
end_of_record
TN:
SF:server/controllers/expensesController.js
FN:2,expense_details
FN:10,expenses_details
FN:18,expenses_create
FN:30,expenses_edit
FN:41,expenses_remove
FNF:5
FNH:0
FNDA:0,expense_details
FNDA:0,expenses_details
FNDA:0,expenses_create
FNDA:0,expenses_edit
FNDA:0,expenses_remove
DA:1,2
DA:3,0
DA:4,0
DA:5,0
DA:7,0
DA:11,0
DA:12,0
DA:13,0
DA:15,0
DA:19,0
DA:20,0
DA:25,0
DA:27,0
DA:31,0
DA:32,0
DA:36,0
DA:38,0
DA:42,0
DA:43,0
DA:46,0
DA:48,0
DA:51,2
LF:22
LH:2
BRF:0
BRH:0
end_of_record
TN:
SF:server/controllers/incomeController.js
FN:2,income_details
FN:10,income_create
FN:22,income_edit
FN:33,income_remove
FN:41,incomes_details
FNF:5
FNH:0
FNDA:0,income_details
FNDA:0,income_create
FNDA:0,income_edit
FNDA:0,income_remove
FNDA:0,incomes_details
DA:1,2
DA:3,0
DA:4,0
DA:5,0
DA:7,0
DA:11,0
DA:12,0
DA:17,0
DA:19,0
DA:23,0
DA:24,0
DA:28,0
DA:30,0
DA:34,0
DA:35,0
DA:36,0
DA:38,0
DA:42,0
DA:43,0
DA:44,0
DA:46,0
DA:50,2
LF:22
LH:2
BRF:0
BRH:0
end_of_record
TN:
SF:server/controllers/userController.js
FN:2,user_details
FN:10,user_create
FN:18,users_details
FN:26,user_edit
FN:34,user_delete
FNF:5
FNH:0
FNDA:0,user_details
FNDA:0,user_create
FNDA:0,users_details
FNDA:0,user_edit
FNDA:0,user_delete
DA:1,2
DA:3,0
DA:4,0
DA:5,0
DA:7,0
DA:11,0
DA:12,0
DA:13,0
DA:15,0
DA:19,0
DA:20,0
DA:21,0
DA:23,0
DA:27,0
DA:28,0
DA:29,0
DA:31,0
DA:35,0
DA:36,0
DA:37,0
DA:39,0
DA:42,2
LF:22
LH:2
BRF:0
BRH:0
end_of_record
TN:
SF:server/models/accounts.js
FNF:0
FNH:0
DA:1,2
DA:2,2
DA:10,2
LF:3
LH:3
BRF:0
BRH:0
end_of_record
TN:
SF:server/models/category.js
FNF:0
FNH:0
DA:1,2
DA:2,2
DA:9,2
LF:3
LH:3
BRF:0
BRH:0
end_of_record
TN:
SF:server/models/expenses.js
FNF:0
FNH:0
DA:1,2
DA:2,2
DA:20,2
LF:3
LH:3
BRF:0
BRH:0
end_of_record
TN:
SF:server/models/incomes.js
FNF:0
FNH:0
DA:1,2
DA:2,2
DA:26,2
LF:3
LH:3
BRF:0
BRH:0
end_of_record
TN:
SF:server/models/users.js
FN:32,(anonymous_0)
FNF:1
FNH:0
FNDA:0,(anonymous_0)
DA:1,2
DA:2,2
DA:3,2
DA:4,2
DA:5,2
DA:32,2
DA:33,0
DA:34,0
DA:35,0
DA:37,2
LF:10
LH:7
BRF:0
BRH:0
end_of_record
TN:
SF:server/routes/account.js
FNF:0
FNH:0
DA:1,2
DA:2,2
DA:3,2
DA:4,2
DA:5,2
DA:8,2
DA:10,2
DA:12,2
DA:14,2
DA:16,2
DA:18,2
DA:20,2
DA:21,2
LF:13
LH:13
BRF:0
BRH:0
end_of_record
TN:
SF:server/routes/category.js
FNF:0
FNH:0
DA:1,2
DA:2,2
DA:3,2
DA:4,2
DA:5,2
DA:7,2
DA:9,2
DA:11,2
DA:13,2
DA:15,2
DA:17,2
LF:11
LH:11
BRF:0
BRH:0
end_of_record
TN:
SF:server/routes/expenses.js
FNF:0
FNH:0
DA:1,2
DA:2,2
DA:3,2
DA:4,2
DA:5,2
DA:7,2
DA:9,2
DA:11,2
DA:13,2
DA:15,2
DA:17,2
LF:11
LH:11
BRF:0
BRH:0
end_of_record
TN:
SF:server/routes/income.js
FNF:0
FNH:0
DA:1,2
DA:2,2
DA:3,2
DA:4,2
DA:5,2
DA:7,2
DA:9,2
DA:11,2
DA:13,2
DA:15,2
DA:17,2
LF:11
LH:11
BRF:0
BRH:0
end_of_record
TN:
SF:server/routes/user.js
FNF:0
FNH:0
DA:1,2
DA:2,2
DA:3,2
DA:4,2
DA:5,2
DA:7,2
DA:9,2
DA:11,2
DA:13,2
DA:15,2
DA:17,2
LF:11
LH:11
BRF:0
BRH:0
end_of_record
TN:
SF:server/services/accountService.js
FN:5,getOneAccount
FN:9,createAccount
FN:14,getAllAccounts
FN:18,updateAccount
FN:22,removeOneAccount
FN:29,(anonymous_5)
FN:31,(anonymous_6)
FN:34,(anonymous_7)
FN:36,(anonymous_8)
FNF:9
FNH:6
FNDA:1,getOneAccount
FNDA:2,createAccount
FNDA:1,getAllAccounts
FNDA:0,updateAccount
FNDA:1,removeOneAccount
FNDA:1,(anonymous_5)
FNDA:1,(anonymous_6)
FNDA:0,(anonymous_7)
FNDA:0,(anonymous_8)
DA:1,2
DA:2,2
DA:3,2
DA:4,2
DA:6,1
DA:7,0
DA:10,2
DA:11,2
DA:12,1
DA:15,1
DA:16,1
DA:19,0
DA:20,0
DA:23,1
DA:24,0
DA:25,0
DA:26,0
DA:29,2
DA:30,1
DA:31,1
DA:32,1
DA:34,2
DA:35,0
DA:36,0
DA:37,0
DA:39,2
LF:26
LH:17
BRF:0
BRH:0
end_of_record
TN:
SF:server/services/categoryService.js
FN:2,getOneCategory
FN:6,getAllCategories
FN:10,createCategory
FN:14,updateCategory
FN:21,deleteOneCategory
FNF:5
FNH:4
FNDA:0,getOneCategory
FNDA:1,getAllCategories
FNDA:2,createCategory
FNDA:1,updateCategory
FNDA:2,deleteOneCategory
DA:1,2
DA:3,0
DA:4,0
DA:7,1
DA:8,1
DA:11,2
DA:12,2
DA:15,1
DA:19,1
DA:22,2
DA:23,1
DA:25,2
LF:12
LH:10
BRF:0
BRH:0
end_of_record
TN:
SF:server/services/expensesService.js
FN:2,getOneExpense
FN:6,getAllExpenses
FN:10,createExpense
FN:15,updateExpence
FN:19,deleteOneExpence
FNF:5
FNH:0
FNDA:0,getOneExpense
FNDA:0,getAllExpenses
FNDA:0,createExpense
FNDA:0,updateExpence
FNDA:0,deleteOneExpence
DA:1,2
DA:3,0
DA:4,0
DA:7,0
DA:8,0
DA:11,0
DA:12,0
DA:13,0
DA:16,0
DA:17,0
DA:20,0
DA:21,0
DA:23,2
LF:13
LH:2
BRF:0
BRH:0
end_of_record
TN:
SF:server/services/incomeService.js
FN:3,getOneIncome
FN:7,createIncome
FN:12,updateIncome
FN:16,deleteIncome
FN:20,getAllIncomes
FNF:5
FNH:0
FNDA:0,getOneIncome
FNDA:0,createIncome
FNDA:0,updateIncome
FNDA:0,deleteIncome
FNDA:0,getAllIncomes
DA:1,2
DA:2,2
DA:4,0
DA:5,0
DA:8,0
DA:9,0
DA:10,0
DA:13,0
DA:14,0
DA:17,0
DA:18,0
DA:21,0
DA:22,0
DA:25,2
LF:14
LH:3
BRF:0
BRH:0
end_of_record
TN:
SF:server/services/userService.js
FN:2,getOneUser
FN:6,createUser
FN:10,getAllUsers
FN:14,updateUser
FN:18,removeOneUser
FNF:5
FNH:0
FNDA:0,getOneUser
FNDA:0,createUser
FNDA:0,getAllUsers
FNDA:0,updateUser
FNDA:0,removeOneUser
DA:1,2
DA:3,0
DA:4,0
DA:7,0
DA:8,0
DA:11,0
DA:12,0
DA:15,0
DA:16,0
DA:19,0
DA:20,0
DA:22,2
LF:12
LH:2
BRF:0
BRH:0
end_of_record
